This is XeTeX, Version 3.14159265-2.6-0.99999 (MiKTeX 2.9.6880 64-bit) (preloaded format=xelatex 2018.12.17)  24 DEC 2018 22:51
entering extended mode
**./курсач.tex
(курсач.tex
LaTeX2e <2018-04-01> patch level 5
("C:\Users\User\AppData\Local\Programs\MiKTeX 2.9\tex\latex\base\article.cls"
Document Class: article 2014/09/29 v1.4h Standard LaTeX document class
("C:\Users\User\AppData\Local\Programs\MiKTeX 2.9\tex\latex\base\fleqn.clo"
File: fleqn.clo 2016/12/29 v1.2a Standard LaTeX option (flush left equations)
\mathindent=\dimen102
Applying: [2015/01/01] Make \[ robust on input line 50.
LaTeX Info: Redefining \[ on input line 51.
Already applied: [0000/00/00] Make \[ robust on input line 62.
Applying: [2015/01/01] Make \] robust on input line 74.
LaTeX Info: Redefining \] on input line 75.
Already applied: [0000/00/00] Make \] robust on input line 83.
)
("C:\Users\User\AppData\Local\Programs\MiKTeX 2.9\tex\latex\base\size12.clo"
File: size12.clo 2014/09/29 v1.4h Standard LaTeX file (size option)
)
\c@part=\count80
\c@section=\count81
\c@subsection=\count82
\c@subsubsection=\count83
\c@paragraph=\count84
\c@subparagraph=\count85
\c@figure=\count86
\c@table=\count87
\abovecaptionskip=\skip41
\belowcaptionskip=\skip42
\bibindent=\dimen103
)
("C:\Users\User\AppData\Local\Programs\MiKTeX 2.9\tex\latex\base\inputenc.sty"
Package: inputenc 2018/04/06 v1.3b Input encoding file
\inpenc@prehook=\toks14
\inpenc@posthook=\toks15


Package inputenc Warning: inputenc package ignored with utf8 based engines.

) ("C:\Users\User\AppData\Local\Programs\MiKTeX 2.9\tex\latex\base\fontenc.sty"
Package: fontenc 2017/04/05 v2.0i Standard LaTeX package
("C:\Users\User\AppData\Local\Programs\MiKTeX 2.9\tex\latex\cyrillic\t2aenc.def
"
File: t2aenc.def 2005/09/27 v1.0i Cyrillic encoding definition file
)
LaTeX Font Info:    Try loading font information for T2A+lmr on input line 105.

LaTeX Font Info:    No file T2Almr.fd. on input line 105.
LaTeX Font Info:    Try loading font information for T2A+cmr on input line 105.


("C:\Users\User\AppData\Local\Programs\MiKTeX 2.9\tex\latex\cyrillic\t2acmr.fd"
File: t2acmr.fd 2001/08/11 v1.0a Computer Modern Cyrillic font definitions
)

LaTeX Font Warning: Font shape `T2A/lmr/m/n' undefined
(Font)              using `T2A/cmr/m/n' instead on input line 105.

) ("C:\Users\User\AppData\Local\Programs\MiKTeX 2.9\tex\generic\babel\babel.sty
"
Package: babel 2018/11/13 3.27 The Babel package
 ("C:\Users\User\AppData\Local\Programs\MiKTeX 2.9\tex\generic\babel\switch.def
"
File: switch.def 2018/11/13 3.27 Babel switching mechanism
)
*************************************
* Local config file bblopts.cfg used
*
("C:\Users\User\AppData\Local\Programs\MiKTeX 2.9\tex\latex\arabi\bblopts.cfg"
File: bblopts.cfg 2005/09/08 v0.1 add Arabic and Farsi to "declared" options of
 babel
)
("C:\Users\User\AppData\Local\Programs\MiKTeX 2.9\tex\latex\babel-russian\russi
anb.ldf"
Language: russian 2017/08/12 1.3j Russian support for the Babel system

("C:\Users\User\AppData\Local\Programs\MiKTeX 2.9\tex\generic\babel\babel.def"
File: babel.def 2018/11/13 3.27 Babel common definitions
\babel@savecnt=\count88
\U@D=\dimen104

("C:\Users\User\AppData\Local\Programs\MiKTeX 2.9\tex\generic\babel\xebabel.def
"
("C:\Users\User\AppData\Local\Programs\MiKTeX 2.9\tex\generic\babel\txtbabel.de
f"))
\bbl@dirlevel=\count89
)
Package babel Info: Making " an active character on input line 120.
Package babel Info: Default for \cyrdash is provided on input line 157.
))
("C:\Users\User\AppData\Local\Programs\MiKTeX 2.9\tex\latex\geometry\geometry.s
ty"
Package: geometry 2018/04/16 v5.8 Page Geometry

("C:\Users\User\AppData\Local\Programs\MiKTeX 2.9\tex\latex\graphics\keyval.sty
"
Package: keyval 2014/10/28 v1.15 key=value parser (DPC)
\KV@toks@=\toks16
)
("C:\Users\User\AppData\Local\Programs\MiKTeX 2.9\tex\generic\oberdiek\ifpdf.st
y"
Package: ifpdf 2018/09/07 v3.3 Provides the ifpdf switch
)
("C:\Users\User\AppData\Local\Programs\MiKTeX 2.9\tex\generic\oberdiek\ifvtex.s
ty"
Package: ifvtex 2016/05/16 v1.6 Detect VTeX and its facilities (HO)
Package ifvtex Info: VTeX not detected.
)
("C:\Users\User\AppData\Local\Programs\MiKTeX 2.9\tex\generic\ifxetex\ifxetex.s
ty"
Package: ifxetex 2010/09/12 v0.6 Provides ifxetex conditional
)
\Gm@cnth=\count90
\Gm@cntv=\count91
\c@Gm@tempcnt=\count92
\Gm@bindingoffset=\dimen105
\Gm@wd@mp=\dimen106
\Gm@odd@mp=\dimen107
\Gm@even@mp=\dimen108
\Gm@layoutwidth=\dimen109
\Gm@layoutheight=\dimen110
\Gm@layouthoffset=\dimen111
\Gm@layoutvoffset=\dimen112
\Gm@dimlist=\toks17

("C:\Users\User\AppData\Local\Programs\MiKTeX 2.9\tex\xelatex\xetexconfig\geome
try.cfg"))
("C:\Users\User\AppData\Local\Programs\MiKTeX 2.9\tex\latex\lastpage\lastpage.s
ty"
Package: lastpage 2015/03/29 v1.2m Refers to last page's name (HMM; JPG)
)
("C:\Users\User\AppData\Local\Programs\MiKTeX 2.9\tex\latex\fancyhdr\fancyhdr.s
ty"
Package: fancyhdr 2017/06/30 v3.9a Extensive control of page headers and footer
s
\f@nch@headwidth=\skip43
\f@nch@O@elh=\skip44
\f@nch@O@erh=\skip45
\f@nch@O@olh=\skip46
\f@nch@O@orh=\skip47
\f@nch@O@elf=\skip48
\f@nch@O@erf=\skip49
\f@nch@O@olf=\skip50
\f@nch@O@orf=\skip51
)
("C:\Users\User\AppData\Local\Programs\MiKTeX 2.9\tex\latex\titlesec\titlesec.s
ty"
Package: titlesec 2016/03/21 v2.10.2 Sectioning titles
\ttl@box=\box26
\beforetitleunit=\skip52
\aftertitleunit=\skip53
\ttl@plus=\dimen113
\ttl@minus=\dimen114
\ttl@toksa=\toks18
\titlewidth=\dimen115
\titlewidthlast=\dimen116
\titlewidthfirst=\dimen117
)
("C:\Users\User\AppData\Local\Programs\MiKTeX 2.9\tex\latex\graphics\graphicx.s
ty"
Package: graphicx 2017/06/01 v1.1a Enhanced LaTeX Graphics (DPC,SPQR)

("C:\Users\User\AppData\Local\Programs\MiKTeX 2.9\tex\latex\graphics\graphics.s
ty"
Package: graphics 2017/06/25 v1.2c Standard LaTeX Graphics (DPC,SPQR)

("C:\Users\User\AppData\Local\Programs\MiKTeX 2.9\tex\latex\graphics\trig.sty"
Package: trig 2016/01/03 v1.10 sin cos tan (DPC)
)
("C:\Users\User\AppData\Local\Programs\MiKTeX 2.9\tex\latex\graphics-cfg\graphi
cs.cfg"
File: graphics.cfg 2016/06/04 v1.11 sample graphics configuration
)
Package graphics Info: Driver file: xetex.def on input line 99.

("C:\Users\User\AppData\Local\Programs\MiKTeX 2.9\tex\latex\graphics-def\xetex.
def"
File: xetex.def 2017/06/24 v5.0h Graphics/color driver for xetex
))
\Gin@req@height=\dimen118
\Gin@req@width=\dimen119
)
("C:\Users\User\AppData\Local\Programs\MiKTeX 2.9\tex\latex\mathtools\mathtools
.sty"
Package: mathtools 2018/01/08 v1.21 mathematical typesetting tools
 ("C:\Users\User\AppData\Local\Programs\MiKTeX 2.9\tex\latex\tools\calc.sty"
Package: calc 2017/05/25 v4.3 Infix arithmetic (KKT,FJ)
\calc@Acount=\count93
\calc@Bcount=\count94
\calc@Adimen=\dimen120
\calc@Bdimen=\dimen121
\calc@Askip=\skip54
\calc@Bskip=\skip55
LaTeX Info: Redefining \setlength on input line 80.
LaTeX Info: Redefining \addtolength on input line 81.
\calc@Ccount=\count95
\calc@Cskip=\skip56
)
("C:\Users\User\AppData\Local\Programs\MiKTeX 2.9\tex\latex\mathtools\mhsetup.s
ty"
Package: mhsetup 2017/03/31 v1.3 programming setup (MH)
)
("C:\Users\User\AppData\Local\Programs\MiKTeX 2.9\tex\latex\amsmath\amsmath.sty
"
Package: amsmath 2017/09/02 v2.17a AMS math features
\@mathmargin=\skip57

For additional information on amsmath, use the `?' option.
("C:\Users\User\AppData\Local\Programs\MiKTeX 2.9\tex\latex\amsmath\amstext.sty
"
Package: amstext 2000/06/29 v2.01 AMS text
 ("C:\Users\User\AppData\Local\Programs\MiKTeX 2.9\tex\latex\amsmath\amsgen.sty
"
File: amsgen.sty 1999/11/30 v2.0 generic functions
\@emptytoks=\toks19
\ex@=\dimen122
))
("C:\Users\User\AppData\Local\Programs\MiKTeX 2.9\tex\latex\amsmath\amsbsy.sty"
Package: amsbsy 1999/11/29 v1.2d Bold Symbols
\pmbraise@=\dimen123
) ("C:\Users\User\AppData\Local\Programs\MiKTeX 2.9\tex\latex\amsmath\amsopn.st
y"
Package: amsopn 2016/03/08 v2.02 operator names
)
\inf@bad=\count96
LaTeX Info: Redefining \frac on input line 213.
\uproot@=\count97
\leftroot@=\count98
LaTeX Info: Redefining \overline on input line 375.
\classnum@=\count99
\DOTSCASE@=\count100
LaTeX Info: Redefining \ldots on input line 472.
LaTeX Info: Redefining \dots on input line 475.
LaTeX Info: Redefining \cdots on input line 596.
\Mathstrutbox@=\box27
\strutbox@=\box28
\big@size=\dimen124
LaTeX Font Info:    Redeclaring font encoding OML on input line 712.
LaTeX Font Info:    Redeclaring font encoding OMS on input line 713.
\macc@depth=\count101
\c@MaxMatrixCols=\count102
\dotsspace@=\muskip10
\c@parentequation=\count103
\dspbrk@lvl=\count104
\tag@help=\toks20
\row@=\count105
\column@=\count106
\maxfields@=\count107
\andhelp@=\toks21
\eqnshift@=\dimen125
\alignsep@=\dimen126
\tagshift@=\dimen127
\tagwidth@=\dimen128
\totwidth@=\dimen129
\lineht@=\dimen130
\@envbody=\toks22
\multlinegap=\skip58
\multlinetaggap=\skip59
\mathdisplay@stack=\toks23
LaTeX Info: Redefining \[ on input line 2817.
LaTeX Info: Redefining \] on input line 2818.
)
LaTeX Info: Thecontrolsequence`\('isalreadyrobust on input line 129.
LaTeX Info: Thecontrolsequence`\)'isalreadyrobust on input line 129.
LaTeX Info: Thecontrolsequence`\['isalreadyrobust on input line 129.
LaTeX Info: Thecontrolsequence`\]'isalreadyrobust on input line 129.
\g_MT_multlinerow_int=\count108
\l_MT_multwidth_dim=\dimen131
\origjot=\skip60
\l_MT_shortvdotswithinadjustabove_dim=\dimen132
\l_MT_shortvdotswithinadjustbelow_dim=\dimen133
\l_MT_above_intertext_sep=\dimen134
\l_MT_below_intertext_sep=\dimen135
\l_MT_above_shortintertext_sep=\dimen136
\l_MT_below_shortintertext_sep=\dimen137
)
("C:\Users\User\AppData\Local\Programs\MiKTeX 2.9\tex\latex\amsfonts\amssymb.st
y"
Package: amssymb 2013/01/14 v3.01 AMS font symbols

("C:\Users\User\AppData\Local\Programs\MiKTeX 2.9\tex\latex\amsfonts\amsfonts.s
ty"
Package: amsfonts 2013/01/14 v3.01 Basic AMSFonts support
\symAMSa=\mathgroup4
\symAMSb=\mathgroup5
LaTeX Font Info:    Overwriting math alphabet `\mathfrak' in version `bold'
(Font)                  U/euf/m/n --> U/euf/b/n on input line 106.
))
("C:\Users\User\AppData\Local\Programs\MiKTeX 2.9\tex\latex\caption\caption.sty
"
Package: caption 2018/10/06 v3.3-154 Customizing captions (AR)

("C:\Users\User\AppData\Local\Programs\MiKTeX 2.9\tex\latex\caption\caption3.st
y"
Package: caption3 2018/09/12 v1.8c caption3 kernel (AR)
Package caption3 Info: TeX engine: e-TeX on input line 64.
\captionmargin=\dimen138
\captionmargin@=\dimen139
\captionwidth=\dimen140
\caption@tempdima=\dimen141
\caption@indent=\dimen142
\caption@parindent=\dimen143
\caption@hangindent=\dimen144
)
\c@caption@flags=\count109
\c@ContinuedFloat=\count110
)
("C:\Users\User\AppData\Local\Programs\MiKTeX 2.9\tex\latex\caption\subcaption.
sty"
Package: subcaption 2018/05/01 v1.1-162 Sub-captions (AR)
\c@subfigure=\count111
\c@subtable=\count112
)
("C:\Users\User\AppData\Local\Programs\MiKTeX 2.9\tex\latex\tools\indentfirst.s
ty"
Package: indentfirst 1995/11/23 v1.03 Indent first paragraph (DPC)
)
("C:\Users\User\AppData\Local\Programs\MiKTeX 2.9\tex\latex\pythonhighlight\pyt
honhighlight.sty"
Package: pythonhighlight 2017/02/09 python code highlighting; provided by Olivi
er Verdier <olivier.verdier@gmail.com>

("C:\Users\User\AppData\Local\Programs\MiKTeX 2.9\tex\latex\listings\listings.s
ty"
\lst@mode=\count113
\lst@gtempboxa=\box29
\lst@token=\toks24
\lst@length=\count114
\lst@currlwidth=\dimen145
\lst@column=\count115
\lst@pos=\count116
\lst@lostspace=\dimen146
\lst@width=\dimen147
\lst@newlines=\count117
\lst@lineno=\count118
\lst@maxwidth=\dimen148

("C:\Users\User\AppData\Local\Programs\MiKTeX 2.9\tex\latex\listings\lstmisc.st
y"
File: lstmisc.sty 2018/09/02 1.7 (Carsten Heinz)
\c@lstnumber=\count119
\lst@skipnumbers=\count120
\lst@framebox=\box30
)
("C:\Users\User\AppData\Local\Programs\MiKTeX 2.9\tex\latex\listings\listings.c
fg"
File: listings.cfg 2018/09/02 1.7 listings configuration
))
Package: listings 2018/09/02 1.7 (Carsten Heinz)

("C:\Users\User\AppData\Local\Programs\MiKTeX 2.9\tex\latex\xcolor\xcolor.sty"
Package: xcolor 2016/05/11 v2.12 LaTeX color extensions (UK)

("C:\Users\User\AppData\Local\Programs\MiKTeX 2.9\tex\latex\graphics-cfg\color.
cfg"
File: color.cfg 2016/01/02 v1.6 sample color configuration
)
Package xcolor Info: Driver file: xetex.def on input line 225.
Package xcolor Info: Model `cmy' substituted by `cmy0' on input line 1348.
Package xcolor Info: Model `RGB' extended on input line 1364.
Package xcolor Info: Model `HTML' substituted by `rgb' on input line 1366.
Package xcolor Info: Model `Hsb' substituted by `hsb' on input line 1367.
Package xcolor Info: Model `tHsb' substituted by `hsb' on input line 1368.
Package xcolor Info: Model `HSB' substituted by `hsb' on input line 1369.
Package xcolor Info: Model `Gray' substituted by `gray' on input line 1370.
Package xcolor Info: Model `wave' substituted by `hsb' on input line 1371.
))
("C:\Users\User\AppData\Local\Programs\MiKTeX 2.9\tex\latex\tools\tabularx.sty"
Package: tabularx 2016/02/03 v2.11b `tabularx' package (DPC)
("C:\Users\User\AppData\Local\Programs\MiKTeX 2.9\tex\latex\tools\array.sty"
Package: array 2018/04/30 v2.4h Tabular extension package (FMi)
\col@sep=\dimen149
\ar@mcellbox=\box31
\extrarowheight=\dimen150
\NC@list=\toks25
\extratabsurround=\skip61
\backup@length=\skip62
\ar@cellbox=\box32
)
\TX@col@width=\dimen151
\TX@old@table=\dimen152
\TX@old@col=\dimen153
\TX@target=\dimen154
\TX@delta=\dimen155
\TX@cols=\count121
\TX@ftn=\toks26
)
("C:\Users\User\AppData\Local\Programs\MiKTeX 2.9\tex\latex\tabulary\tabulary.s
ty"
Package: tabulary 2014/06/11 v0.10 tabulary package (DPC)
\TY@count=\count122
\TY@linewidth=\dimen156
\tymin=\dimen157
\tymax=\dimen158
\TY@tablewidth=\dimen159
)
("C:\Users\User\AppData\Local\Programs\MiKTeX 2.9\tex\latex\multirow\multirow.s
ty"
Package: multirow 2018/08/03 v2.3 Span multiple rows of a table
\multirow@colwidth=\skip63
\multirow@cntb=\count123
\multirow@dima=\skip64
\bigstrutjot=\dimen160
) ("C:\Users\User\AppData\Local\Programs\MiKTeX 2.9\tex\latex\float\float.sty"
Package: float 2001/11/08 v1.3d Float enhancements (AL)
\c@float@type=\count124
\float@exts=\toks27
\float@box=\box33
\@float@everytoks=\toks28
\@floatcapt=\box34
)
("C:\Users\User\AppData\Local\Programs\MiKTeX 2.9\tex\latex\caption\totalcount.
sty"
Package: totalcount 2018/01/21 v1.0a Total values of counters (AR)
\c@totalcount@figure=\count125
\c@totalcount@table=\count126
)
("C:\Users\User\AppData\Local\Programs\MiKTeX 2.9\tex\latex\diagbox\diagbox.sty
"
Package: diagbox 2016/12/28 v2.2 Making table heads with diagonal lines
 ("C:\Users\User\AppData\Local\Programs\MiKTeX 2.9\tex\latex\pict2e\pict2e.sty"
Package: pict2e 2016/02/05 v0.3b Improved picture commands (HjG,RN,JT)
 ("C:\Users\User\AppData\Local\Programs\MiKTeX 2.9\tex\latex\pict2e\pict2e.cfg"
File: pict2e.cfg 2016/02/05 v0.1u pict2e configuration for teTeX/TeXLive
)
Package pict2e Info: Driver file: xetex.def on input line 119.
Package pict2e Info: Driver file for pict2e: p2e-xetex.def on input line 121.

("C:\Users\User\AppData\Local\Programs\MiKTeX 2.9\tex\latex\pict2e\p2e-xetex.de
f"
File: p2e-xetex.def 2016/02/05 v0.1u Driver-dependant file (RN,HjG,JT)
)
\pIIe@GRAPH=\toks29
\@arclen=\dimen161
\@arcrad=\dimen162
\@tempdimd=\dimen163
) ("C:\Users\User\AppData\Local\Programs\MiKTeX 2.9\tex\latex\fp\fp.sty"
Package: fp 1995/04/02

`Fixed Point Package', Version 0.8, April 2, 1995 (C) Michael Mehlich
("C:\Users\User\AppData\Local\Programs\MiKTeX 2.9\tex\latex\fp\defpattern.sty"
Package: defpattern 1994/10/12
\actioncount=\count127
) ("C:\Users\User\AppData\Local\Programs\MiKTeX 2.9\tex\latex\fp\fp-basic.sty"
Package: fp-basic 1996/05/13
\FP@xs=\count128
\FP@xia=\count129
\FP@xib=\count130
\FP@xfa=\count131
\FP@xfb=\count132
\FP@rega=\count133
\FP@regb=\count134
\FP@regs=\count135
\FP@times=\count136
)
("C:\Users\User\AppData\Local\Programs\MiKTeX 2.9\tex\latex\fp\fp-addons.sty"
Package: fp-addons 1995/03/15
)
("C:\Users\User\AppData\Local\Programs\MiKTeX 2.9\tex\latex\fp\fp-snap.sty"
Package: fp-snap 1995/04/05
)
("C:\Users\User\AppData\Local\Programs\MiKTeX 2.9\tex\latex\fp\fp-exp.sty"
Package: fp-exp 1995/04/03
)
("C:\Users\User\AppData\Local\Programs\MiKTeX 2.9\tex\latex\fp\fp-trigo.sty"
Package: fp-trigo 1995/04/14
)
("C:\Users\User\AppData\Local\Programs\MiKTeX 2.9\tex\latex\fp\fp-pas.sty"
Package: fp-pas 1994/08/29
)
("C:\Users\User\AppData\Local\Programs\MiKTeX 2.9\tex\latex\fp\fp-random.sty"
Package: fp-random 1995/02/23
\FPseed=\count137
)
("C:\Users\User\AppData\Local\Programs\MiKTeX 2.9\tex\latex\fp\fp-eqn.sty"
Package: fp-eqn 1995/04/03
)
("C:\Users\User\AppData\Local\Programs\MiKTeX 2.9\tex\latex\fp\fp-upn.sty"
Package: fp-upn 1996/10/21
)
("C:\Users\User\AppData\Local\Programs\MiKTeX 2.9\tex\latex\fp\fp-eval.sty"
Package: fp-eval 1995/04/03
))
\diagbox@boxa=\box35
\diagbox@boxb=\box36
\diagbox@boxm=\box37
\diagbox@wd=\dimen164
\diagbox@ht=\dimen165
\diagbox@insepl=\dimen166
\diagbox@insepr=\dimen167
\diagbox@outsepl=\dimen168
\diagbox@outsepr=\dimen169
)
("C:\Users\User\AppData\Local\Programs\MiKTeX 2.9\tex\latex\csquotes\csquotes.s
ty"
Package: csquotes 2018/04/13 v5.2d context-sensitive quotations (JAW)

("C:\Users\User\AppData\Local\Programs\MiKTeX 2.9\tex\latex\etoolbox\etoolbox.s
ty"
Package: etoolbox 2018/08/19 v2.5f e-TeX tools for LaTeX (JAW)
\etb@tempcnta=\count138
)
\csq@reset=\count139
\csq@gtype=\count140
\csq@glevel=\count141
\csq@qlevel=\count142
\csq@maxlvl=\count143
\csq@tshold=\count144
\csq@ltx@everypar=\toks30

("C:\Users\User\AppData\Local\Programs\MiKTeX 2.9\tex\latex\csquotes\csquotes.d
ef"
File: csquotes.def 2018/04/13 v5.2d csquotes generic definitions (JAW)
)
Package csquotes Info: Trying to load configuration file 'csquotes.cfg'...
Package csquotes Info: ... configuration file loaded successfully.

("C:\Users\User\AppData\Local\Programs\MiKTeX 2.9\tex\latex\csquotes\csquotes.c
fg"
File: csquotes.cfg 
)
Package csquotes Info: Redefining alias 'german' -> 'german/guillemets'.
)
("C:\Users\User\AppData\Local\Programs\MiKTeX 2.9\tex\latex\fontspec\fontspec.s
ty"
("C:\Users\User\AppData\Local\Programs\MiKTeX 2.9\tex\latex\l3packages\xparse\x
parse.sty"
("C:\Users\User\AppData\Local\Programs\MiKTeX 2.9\tex\latex\l3kernel\expl3.sty"
Package: expl3 2018-11-19 L3 programming layer (loader) 

("C:\Users\User\AppData\Local\Programs\MiKTeX 2.9\tex\latex\l3kernel\expl3-code
.tex"
Package: expl3 2018-11-19 L3 programming layer (code)
\c_max_int=\count145
\l_tmpa_int=\count146
\l_tmpb_int=\count147
\g_tmpa_int=\count148
\g_tmpb_int=\count149
\g__kernel_prg_map_int=\count150
\c_log_iow=\count151
\l_iow_line_count_int=\count152
\l__iow_line_target_int=\count153
\l__iow_one_indent_int=\count154
\l__iow_indent_int=\count155
\c_zero_dim=\dimen170
\c_max_dim=\dimen171
\l_tmpa_dim=\dimen172
\l_tmpb_dim=\dimen173
\g_tmpa_dim=\dimen174
\g_tmpb_dim=\dimen175
\c_zero_skip=\skip65
\c_max_skip=\skip66
\l_tmpa_skip=\skip67
\l_tmpb_skip=\skip68
\g_tmpa_skip=\skip69
\g_tmpb_skip=\skip70
\c_zero_muskip=\muskip11
\c_max_muskip=\muskip12
\l_tmpa_muskip=\muskip13
\l_tmpb_muskip=\muskip14
\g_tmpa_muskip=\muskip15
\g_tmpb_muskip=\muskip16
\l_keys_choice_int=\count156
\l__intarray_loop_int=\count157
\c__intarray_sp_dim=\dimen176
\g__intarray_font_int=\count158
\c__fp_leading_shift_int=\count159
\c__fp_middle_shift_int=\count160
\c__fp_trailing_shift_int=\count161
\c__fp_big_leading_shift_int=\count162
\c__fp_big_middle_shift_int=\count163
\c__fp_big_trailing_shift_int=\count164
\c__fp_Bigg_leading_shift_int=\count165
\c__fp_Bigg_middle_shift_int=\count166
\c__fp_Bigg_trailing_shift_int=\count167
\g__fp_array_int=\count168
\l__fp_array_loop_int=\count169
\l__sort_length_int=\count170
\l__sort_min_int=\count171
\l__sort_top_int=\count172
\l__sort_max_int=\count173
\l__sort_true_max_int=\count174
\l__sort_block_int=\count175
\l__sort_begin_int=\count176
\l__sort_end_int=\count177
\l__sort_A_int=\count178
\l__sort_B_int=\count179
\l__sort_C_int=\count180
\l__tl_analysis_normal_int=\count181
\l__tl_analysis_index_int=\count182
\l__tl_analysis_nesting_int=\count183
\l__tl_analysis_type_int=\count184
\l__regex_internal_a_int=\count185
\l__regex_internal_b_int=\count186
\l__regex_internal_c_int=\count187
\l__regex_balance_int=\count188
\l__regex_group_level_int=\count189
\l__regex_mode_int=\count190
\c__regex_cs_in_class_mode_int=\count191
\c__regex_cs_mode_int=\count192
\l__regex_catcodes_int=\count193
\l__regex_default_catcodes_int=\count194
\c__regex_catcode_L_int=\count195
\c__regex_catcode_O_int=\count196
\c__regex_catcode_A_int=\count197
\c__regex_all_catcodes_int=\count198
\l__regex_show_lines_int=\count199
\l__regex_min_state_int=\count266
\l__regex_max_state_int=\count267
\l__regex_left_state_int=\count268
\l__regex_right_state_int=\count269
\l__regex_capturing_group_int=\count270
\l__regex_min_pos_int=\count271
\l__regex_max_pos_int=\count272
\l__regex_curr_pos_int=\count273
\l__regex_start_pos_int=\count274
\l__regex_success_pos_int=\count275
\l__regex_curr_char_int=\count276
\l__regex_curr_catcode_int=\count277
\l__regex_last_char_int=\count278
\l__regex_case_changed_char_int=\count279
\l__regex_curr_state_int=\count280
\l__regex_step_int=\count281
\l__regex_min_active_int=\count282
\l__regex_max_active_int=\count283
\l__regex_replacement_csnames_int=\count284
\l__regex_match_count_int=\count285
\l__regex_min_submatch_int=\count286
\l__regex_submatch_int=\count287
\l__regex_zeroth_submatch_int=\count288
\g__regex_trace_regex_int=\count289
\c_empty_box=\box38
\l_tmpa_box=\box39
\l_tmpb_box=\box40
\g_tmpa_box=\box41
\g_tmpb_box=\box42
\l__box_top_dim=\dimen177
\l__box_bottom_dim=\dimen178
\l__box_left_dim=\dimen179
\l__box_right_dim=\dimen180
\l__box_top_new_dim=\dimen181
\l__box_bottom_new_dim=\dimen182
\l__box_left_new_dim=\dimen183
\l__box_right_new_dim=\dimen184
\l__box_internal_box=\box43
\l__coffin_internal_box=\box44
\l__coffin_internal_dim=\dimen185
\l__coffin_offset_x_dim=\dimen186
\l__coffin_offset_y_dim=\dimen187
\l__coffin_x_dim=\dimen188
\l__coffin_y_dim=\dimen189
\l__coffin_x_prime_dim=\dimen190
\l__coffin_y_prime_dim=\dimen191
\c_empty_coffin=\box45
\l__coffin_aligned_coffin=\box46
\l__coffin_aligned_internal_coffin=\box47
\l_tmpa_coffin=\box48
\l_tmpb_coffin=\box49
\l__coffin_display_coffin=\box50
\l__coffin_display_coord_coffin=\box51
\l__coffin_display_pole_coffin=\box52
\l__coffin_display_offset_dim=\dimen192
\l__coffin_display_x_dim=\dimen193
\l__coffin_display_y_dim=\dimen194
\g__file_internal_ior=\read1
\l__coffin_bounding_shift_dim=\dimen195
\l__coffin_left_corner_dim=\dimen196
\l__coffin_right_corner_dim=\dimen197
\l__coffin_bottom_corner_dim=\dimen198
\l__coffin_top_corner_dim=\dimen199
\l__coffin_scaled_total_height_dim=\dimen256
\l__coffin_scaled_width_dim=\dimen257
\l__seq_internal_a_int=\count290
\l__seq_internal_b_int=\count291
)
("C:\Users\User\AppData\Local\Programs\MiKTeX 2.9\tex\latex\l3kernel\l3xdvipdfm
x.def"
File: l3xdvidpfmx.def 2018-11-19 v L3 Experimental driver: xdvipdfmx
\g__driver_image_int=\count292
\g__driver_pdf_object_int=\count293
))
Package: xparse 2018-10-17 L3 Experimental document command parser
\l__xparse_current_arg_int=\count294
\g__xparse_grabber_int=\count295
\l__xparse_m_args_int=\count296
\l__xparse_mandatory_args_int=\count297
\l__xparse_v_nesting_int=\count298
)
Package: fontspec 2018/07/30 vv2.6h Font selection for XeLaTeX and LuaLaTeX

("C:\Users\User\AppData\Local\Programs\MiKTeX 2.9\tex\latex\fontspec\fontspec-x
etex.sty"
Package: fontspec-xetex 2018/07/30 vv2.6h Font selection for XeLaTeX and LuaLaT
eX
\l__fontspec_script_int=\count299
\l__fontspec_language_int=\count300
\l__fontspec_strnum_int=\count301
\l__fontspec_tmp_int=\count302
\l__fontspec_em_int=\count303
\l__fontspec_emdef_int=\count304
\l__fontspec_strong_int=\count305
\l__fontspec_strongdef_int=\count306
\l__fontspec_tmpa_dim=\dimen258
\l__fontspec_tmpb_dim=\dimen259
\l__fontspec_tmpc_dim=\dimen260

("C:\Users\User\AppData\Local\Programs\MiKTeX 2.9\tex\latex\base\fontenc.sty"
Package: fontenc 2017/04/05 v2.0i Standard LaTeX package

("C:\Users\User\AppData\Local\Programs\MiKTeX 2.9\tex\latex\base\tuenc.def"
File: tuenc.def 2017/04/05 v2.0i Standard LaTeX file
LaTeX Font Info:    Redeclaring font encoding TU on input line 82.
))
("C:\Users\User\AppData\Local\Programs\MiKTeX 2.9\tex\latex\fontspec\fontspec.c
fg")
LaTeX Info: Redefining \itshape on input line 3910.
LaTeX Info: Redefining \slshape on input line 3915.
LaTeX Info: Redefining \scshape on input line 3920.
LaTeX Info: Redefining \upshape on input line 3925.
LaTeX Info: Redefining \em on input line 3955.
LaTeX Info: Redefining \emph on input line 3980.
LaTeX Info: Redefining \- on input line 4034.
))
("C:\Users\User\AppData\Local\Programs\MiKTeX 2.9\tex\latex\enumitem\enumitem.s
ty"
Package: enumitem 2018/11/30 v3.6 Customized lists
\labelindent=\skip71
\enit@outerparindent=\dimen261
\enit@toks=\toks31
\enit@inbox=\box53
\enitdp@description=\count307
)
("C:\Users\User\AppData\Local\Programs\MiKTeX 2.9\tex\latex\hyperref\hyperref.s
ty"
Package: hyperref 2018/11/30 v6.88e Hypertext links for LaTeX

("C:\Users\User\AppData\Local\Programs\MiKTeX 2.9\tex\generic\oberdiek\hobsub-h
yperref.sty"
Package: hobsub-hyperref 2016/05/16 v1.14 Bundle oberdiek, subset hyperref (HO)


("C:\Users\User\AppData\Local\Programs\MiKTeX 2.9\tex\generic\oberdiek\hobsub-g
eneric.sty"
Package: hobsub-generic 2016/05/16 v1.14 Bundle oberdiek, subset generic (HO)
Package: hobsub 2016/05/16 v1.14 Construct package bundles (HO)
Package: infwarerr 2016/05/16 v1.4 Providing info/warning/error messages (HO)
Package: ltxcmds 2016/05/16 v1.23 LaTeX kernel commands for general use (HO)
Package: ifluatex 2016/05/16 v1.4 Provides the ifluatex switch (HO)
Package ifluatex Info: LuaTeX not detected.
Package hobsub Info: Skipping package `ifvtex' (already loaded).
Package: intcalc 2016/05/16 v1.2 Expandable calculations with integers (HO)
Package hobsub Info: Skipping package `ifpdf' (already loaded).
Package: etexcmds 2016/05/16 v1.6 Avoid name clashes with e-TeX commands (HO)
Package: kvsetkeys 2016/05/16 v1.17 Key value parser (HO)
Package: kvdefinekeys 2016/05/16 v1.4 Define keys (HO)
Package: pdftexcmds 2018/09/10 v0.29 Utility functions of pdfTeX for LuaTeX (HO
)
Package pdftexcmds Info: LuaTeX not detected.
Package pdftexcmds Info: pdfTeX >= 1.30 not detected.
Package pdftexcmds Info: \pdf@primitive is available.
Package pdftexcmds Info: \pdf@ifprimitive is available.
Package pdftexcmds Info: \pdfdraftmode not found.
Package: pdfescape 2016/05/16 v1.14 Implements pdfTeX's escape features (HO)
Package: bigintcalc 2016/05/16 v1.4 Expandable calculations on big integers (HO
)
Package: bitset 2016/05/16 v1.2 Handle bit-vector datatype (HO)
Package: uniquecounter 2016/05/16 v1.3 Provide unlimited unique counter (HO)
)
Package hobsub Info: Skipping package `hobsub' (already loaded).
Package: letltxmacro 2016/05/16 v1.5 Let assignment for LaTeX macros (HO)
Package: hopatch 2016/05/16 v1.3 Wrapper for package hooks (HO)
Package: xcolor-patch 2016/05/16 xcolor patch
Package: atveryend 2016/05/16 v1.9 Hooks at the very end of document (HO)
Package: atbegshi 2016/06/09 v1.18 At begin shipout hook (HO)
Package: refcount 2016/05/16 v3.5 Data extraction from label references (HO)
Package: hycolor 2016/05/16 v1.8 Color options for hyperref/bookmark (HO)
)
("C:\Users\User\AppData\Local\Programs\MiKTeX 2.9\tex\latex\oberdiek\auxhook.st
y"
Package: auxhook 2016/05/16 v1.4 Hooks for auxiliary files (HO)
)
("C:\Users\User\AppData\Local\Programs\MiKTeX 2.9\tex\latex\oberdiek\kvoptions.
sty"
Package: kvoptions 2016/05/16 v3.12 Key value format for package options (HO)
)
\@linkdim=\dimen262
\Hy@linkcounter=\count308
\Hy@pagecounter=\count309

("C:\Users\User\AppData\Local\Programs\MiKTeX 2.9\tex\latex\hyperref\pd1enc.def
"
File: pd1enc.def 2018/11/30 v6.88e Hyperref: PDFDocEncoding definition (HO)
)
\Hy@SavedSpaceFactor=\count310
Package hyperref Info: Option `unicode' set `true' on input line 3475.

("C:\Users\User\AppData\Local\Programs\MiKTeX 2.9\tex\latex\hyperref\puenc.def"
File: puenc.def 2018/11/30 v6.88e Hyperref: PDF Unicode definition (HO)
)
("C:\Users\User\AppData\Local\Programs\MiKTeX 2.9\tex\latex\00miktex\hyperref.c
fg"
File: hyperref.cfg 2002/06/06 v1.2 hyperref configuration of TeXLive
)
Package hyperref Info: Hyper figures OFF on input line 4519.
Package hyperref Info: Link nesting OFF on input line 4524.
Package hyperref Info: Hyper index ON on input line 4527.
Package hyperref Info: Plain pages OFF on input line 4534.
Package hyperref Info: Backreferencing OFF on input line 4539.
Package hyperref Info: Implicit mode ON; LaTeX internals redefined.
Package hyperref Info: Bookmarks ON on input line 4772.
\c@Hy@tempcnt=\count311
 ("C:\Users\User\AppData\Local\Programs\MiKTeX 2.9\tex\latex\url\url.sty"
\Urlmuskip=\muskip17
Package: url 2013/09/16  ver 3.4  Verb mode for urls, etc.
)
LaTeX Info: Redefining \url on input line 5125.
\XeTeXLinkMargin=\dimen263
\Fld@menulength=\count312
\Field@Width=\dimen264
\Fld@charsize=\dimen265
Package hyperref Info: Hyper figures OFF on input line 6380.
Package hyperref Info: Link nesting OFF on input line 6385.
Package hyperref Info: Hyper index ON on input line 6388.
Package hyperref Info: backreferencing OFF on input line 6395.
Package hyperref Info: Link coloring OFF on input line 6400.
Package hyperref Info: Link coloring with OCG OFF on input line 6405.
Package hyperref Info: PDF/A mode OFF on input line 6410.
LaTeX Info: Redefining \ref on input line 6450.
LaTeX Info: Redefining \pageref on input line 6454.
\Hy@abspage=\count313
\c@Item=\count314
\c@Hfootnote=\count315
)
Package hyperref Info: Driver (autodetected): hxetex.
("C:\Users\User\AppData\Local\Programs\MiKTeX 2.9\tex\latex\hyperref\hxetex.def
"
File: hxetex.def 2018/11/30 v6.88e Hyperref driver for XeTeX

("C:\Users\User\AppData\Local\Programs\MiKTeX 2.9\tex\generic\oberdiek\stringen
c.sty"
Package: stringenc 2016/05/16 v1.11 Convert strings between diff. encodings (HO
)
)
\pdfm@box=\box54
\c@Hy@AnnotLevel=\count316
\HyField@AnnotCount=\count317
\Fld@listcount=\count318
\c@bookmark@seq@number=\count319

("C:\Users\User\AppData\Local\Programs\MiKTeX 2.9\tex\latex\oberdiek\rerunfilec
heck.sty"
Package: rerunfilecheck 2016/05/16 v1.8 Rerun checks for auxiliary files (HO)
Package uniquecounter Info: New unique counter `rerunfilecheck' on input line 2
82.
)
\Hy@SectionHShift=\skip72
)

Package fontspec Warning: Ignored LuaTeX only feature: 'Renderer=Full/Basic'.


Package fontspec Warning: OpenType feature 'Ligatures=TeX,Historic' (hlig) not
(fontspec)                available for font 'Times New Roman' with script
(fontspec)                'Latin' and language 'Default'.


Package fontspec Warning: OpenType feature 'Ligatures=TeX,Historic' (hlig) not
(fontspec)                available for font 'Times New Roman' with script
(fontspec)                'Latin' and language 'Default'.


Package fontspec Warning: OpenType feature 'Ligatures=TeX,Historic' (hlig) not
(fontspec)                available for font 'Times New Roman' with script
(fontspec)                'Latin' and language 'Default'.


Package fontspec Warning: OpenType feature 'Ligatures=TeX,Historic' (hlig) not
(fontspec)                available for font 'Times New Roman/B' with script
(fontspec)                'Latin' and language 'Default'.


Package fontspec Warning: OpenType feature 'Ligatures=TeX,Historic' (hlig) not
(fontspec)                available for font 'Times New Roman/B' with script
(fontspec)                'Latin' and language 'Default'.


Package fontspec Warning: OpenType feature 'Ligatures=TeX,Historic' (hlig) not
(fontspec)                available for font 'Times New Roman/I' with script
(fontspec)                'Latin' and language 'Default'.


Package fontspec Warning: OpenType feature 'Ligatures=TeX,Historic' (hlig) not
(fontspec)                available for font 'Times New Roman/I' with script
(fontspec)                'Latin' and language 'Default'.


Package fontspec Warning: OpenType feature 'Ligatures=TeX,Historic' (hlig) not
(fontspec)                available for font 'Times New Roman/BI' with script
(fontspec)                'Latin' and language 'Default'.


Package fontspec Warning: OpenType feature 'Ligatures=TeX,Historic' (hlig) not
(fontspec)                available for font 'Times New Roman/BI' with script
(fontspec)                'Latin' and language 'Default'.


Package fontspec Info: Font family 'TimesNewRoman(0)' created for font 'Times
(fontspec)             New Roman' with options
(fontspec)             [Ligatures={TeX},Renderer=Basic,Ligatures=TeX,Ligatures=
{TeX,Historic}].
(fontspec)              
(fontspec)              This font family consists of the following NFSS
(fontspec)             series/shapes:
(fontspec)              
(fontspec)             - 'normal' (m/n) with NFSS spec.: <->"Times New
(fontspec)             Roman/OT:script=latn;language=DFLT;mapping=tex-text;"
(fontspec)             - 'small caps'  (m/sc) with NFSS spec.: <->"Times New
(fontspec)             Roman/OT:script=latn;language=DFLT;+smcp;mapping=tex-tex
t;"
(fontspec)             - 'bold' (bx/n) with NFSS spec.: <->"Times New
(fontspec)             Roman/B/OT:script=latn;language=DFLT;mapping=tex-text;"
(fontspec)             - 'bold small caps'  (bx/sc) with NFSS spec.: <->"Times
(fontspec)             New
(fontspec)             Roman/B/OT:script=latn;language=DFLT;+smcp;mapping=tex-t
ext;"
(fontspec)             - 'italic' (m/it) with NFSS spec.: <->"Times New
(fontspec)             Roman/I/OT:script=latn;language=DFLT;mapping=tex-text;"
(fontspec)             - 'italic small caps'  (m/itsc) with NFSS spec.:
(fontspec)             <->"Times New
(fontspec)             Roman/I/OT:script=latn;language=DFLT;+smcp;mapping=tex-t
ext;"
(fontspec)             - 'bold italic' (bx/it) with NFSS spec.: <->"Times New
(fontspec)             Roman/BI/OT:script=latn;language=DFLT;mapping=tex-text;"

(fontspec)             - 'bold italic small caps'  (bx/itsc) with NFSS spec.:
(fontspec)             <->"Times New
(fontspec)             Roman/BI/OT:script=latn;language=DFLT;+smcp;mapping=tex-
text;"

LaTeX Info: Redefining \rmfamily on input line 152.
("C:\Users\User\AppData\Local\Programs\MiKTeX 2.9\tex\latex\titlesec\block.tss"
File: block.tss 2016/03/15
)
Package hyperref Info: Option `colorlinks' set `true' on input line 207.
Package csquotes Info: Checking for multilingual support...
Package csquotes Info: ... found 'babel' package.
Package csquotes Info: Adjusting default style.
Package csquotes Info: Redefining alias 'default' -> 'russian'.
 (курсач.aux

LaTeX Warning: Label `eq17' multiply defined.

)
\openout1 = `курсач.aux'.

LaTeX Font Info:    Checking defaults for OML/cmm/m/it on input line 240.
LaTeX Font Info:    ... okay on input line 240.
LaTeX Font Info:    Checking defaults for T1/cmr/m/n on input line 240.
LaTeX Font Info:    ... okay on input line 240.
LaTeX Font Info:    Checking defaults for OT1/cmr/m/n on input line 240.
LaTeX Font Info:    ... okay on input line 240.
LaTeX Font Info:    Checking defaults for OMS/cmsy/m/n on input line 240.
LaTeX Font Info:    ... okay on input line 240.
LaTeX Font Info:    Checking defaults for TU/lmr/m/n on input line 240.
LaTeX Font Info:    ... okay on input line 240.
LaTeX Font Info:    Checking defaults for OMX/cmex/m/n on input line 240.
LaTeX Font Info:    ... okay on input line 240.
LaTeX Font Info:    Checking defaults for U/cmr/m/n on input line 240.
LaTeX Font Info:    ... okay on input line 240.
LaTeX Font Info:    Checking defaults for T2A/cmr/m/n on input line 240.
LaTeX Font Info:    ... okay on input line 240.
LaTeX Font Info:    Checking defaults for PD1/pdf/m/n on input line 240.
LaTeX Font Info:    ... okay on input line 240.
LaTeX Font Info:    Checking defaults for PU/pdf/m/n on input line 240.
LaTeX Font Info:    ... okay on input line 240.

*geometry* detected driver: pdftex
*geometry* verbose mode - [ preamble ] result:
* driver: pdftex
* paper: <default>
* layout: <same size as paper>
* layoutoffset:(h,v)=(0.0pt,0.0pt)
* modes: 
* h-part:(L,W,R)=(85.35826pt, 472.03123pt, 56.9055pt)
* v-part:(T,H,B)=(56.9055pt, 681.15898pt, 56.9055pt)
* \paperwidth=614.295pt
* \paperheight=794.96999pt
* \textwidth=472.03123pt
* \textheight=681.15898pt
* \oddsidemargin=13.08827pt
* \evensidemargin=13.08827pt
* \topmargin=-52.36449pt
* \headheight=12.0pt
* \headsep=25.0pt
* \topskip=12.0pt
* \footskip=30.0pt
* \marginparwidth=44.0pt
* \marginparsep=10.0pt
* \columnsep=10.0pt
* \skip\footins=10.8pt plus 4.0pt minus 2.0pt
* \hoffset=0.0pt
* \voffset=0.0pt
* \mag=1000
* \@twocolumnfalse
* \@twosidefalse
* \@mparswitchfalse
* \@reversemarginfalse
* (1in=72.27pt=25.4mm, 1cm=28.453pt)

Package lastpage Info: Please have a look at the pageslts package at
(lastpage)             https://www.ctan.org/pkg/pageslts
(lastpage)             ! on input line 240.
Package caption Info: Begin \AtBeginDocument code.
Package caption Info: float package is loaded.
Package caption Info: hyperref package is loaded.
Package caption Info: listings package is loaded.
Package caption Info: End \AtBeginDocument code.
\c@lstlisting=\count320

Package fontspec Info: Adjusting the maths setup (use [no-math] to avoid
(fontspec)             this).

\symlegacymaths=\mathgroup6
LaTeX Font Info:    Overwriting symbol font `legacymaths' in version `bold'
(Font)                  OT1/cmr/m/n --> OT1/cmr/bx/n on input line 240.
LaTeX Font Info:    Redeclaring math accent \acute on input line 240.
LaTeX Font Info:    Redeclaring math accent \grave on input line 240.
LaTeX Font Info:    Redeclaring math accent \ddot on input line 240.
LaTeX Font Info:    Redeclaring math accent \tilde on input line 240.
LaTeX Font Info:    Redeclaring math accent \bar on input line 240.
LaTeX Font Info:    Redeclaring math accent \breve on input line 240.
LaTeX Font Info:    Redeclaring math accent \check on input line 240.
LaTeX Font Info:    Redeclaring math accent \hat on input line 240.
LaTeX Font Info:    Redeclaring math accent \dot on input line 240.
LaTeX Font Info:    Redeclaring math accent \mathring on input line 240.
LaTeX Font Info:    Redeclaring math symbol \Gamma on input line 240.
LaTeX Font Info:    Redeclaring math symbol \Delta on input line 240.
LaTeX Font Info:    Redeclaring math symbol \Theta on input line 240.
LaTeX Font Info:    Redeclaring math symbol \Lambda on input line 240.
LaTeX Font Info:    Redeclaring math symbol \Xi on input line 240.
LaTeX Font Info:    Redeclaring math symbol \Pi on input line 240.
LaTeX Font Info:    Redeclaring math symbol \Sigma on input line 240.
LaTeX Font Info:    Redeclaring math symbol \Upsilon on input line 240.
LaTeX Font Info:    Redeclaring math symbol \Phi on input line 240.
LaTeX Font Info:    Redeclaring math symbol \Psi on input line 240.
LaTeX Font Info:    Redeclaring math symbol \Omega on input line 240.
LaTeX Font Info:    Redeclaring math symbol \mathdollar on input line 240.
LaTeX Font Info:    Redeclaring symbol font `operators' on input line 240.
LaTeX Font Info:    Encoding `OT1' has changed to `TU' for symbol font
(Font)              `operators' in the math version `normal' on input line 240.

LaTeX Font Info:    Overwriting symbol font `operators' in version `normal'
(Font)                  OT1/cmr/m/n --> TU/TimesNewRoman(0)/m/n on input line 2
40.
LaTeX Font Info:    Encoding `OT1' has changed to `TU' for symbol font
(Font)              `operators' in the math version `bold' on input line 240.
LaTeX Font Info:    Overwriting symbol font `operators' in version `bold'
(Font)                  OT1/cmr/bx/n --> TU/TimesNewRoman(0)/m/n on input line 
240.
LaTeX Font Info:    Overwriting symbol font `operators' in version `normal'
(Font)                  TU/TimesNewRoman(0)/m/n --> TU/TimesNewRoman(0)/m/n on 
input line 240.
LaTeX Font Info:    Overwriting math alphabet `\mathit' in version `normal'
(Font)                  OT1/cmr/m/it --> TU/TimesNewRoman(0)/m/it on input line
 240.
LaTeX Font Info:    Overwriting math alphabet `\mathbf' in version `normal'
(Font)                  OT1/cmr/bx/n --> TU/TimesNewRoman(0)/bx/n on input line
 240.
LaTeX Font Info:    Overwriting math alphabet `\mathsf' in version `normal'
(Font)                  OT1/cmss/m/n --> TU/lmss/m/n on input line 240.
LaTeX Font Info:    Overwriting math alphabet `\mathtt' in version `normal'
(Font)                  OT1/cmtt/m/n --> TU/lmtt/m/n on input line 240.
LaTeX Font Info:    Overwriting symbol font `operators' in version `bold'
(Font)                  TU/TimesNewRoman(0)/m/n --> TU/TimesNewRoman(0)/bx/n on
 input line 240.
LaTeX Font Info:    Overwriting math alphabet `\mathit' in version `bold'
(Font)                  OT1/cmr/bx/it --> TU/TimesNewRoman(0)/bx/it on input li
ne 240.
LaTeX Font Info:    Overwriting math alphabet `\mathsf' in version `bold'
(Font)                  OT1/cmss/bx/n --> TU/lmss/bx/n on input line 240.
LaTeX Font Info:    Overwriting math alphabet `\mathtt' in version `bold'
(Font)                  OT1/cmtt/m/n --> TU/lmtt/bx/n on input line 240.
\AtBeginShipoutBox=\box55
Package hyperref Info: Link coloring ON on input line 240.

("C:\Users\User\AppData\Local\Programs\MiKTeX 2.9\tex\latex\hyperref\nameref.st
y"
Package: nameref 2016/05/21 v2.44 Cross-referencing by name of section

("C:\Users\User\AppData\Local\Programs\MiKTeX 2.9\tex\generic\oberdiek\gettitle
string.sty"
Package: gettitlestring 2016/05/16 v1.5 Cleanup title references (HO)
)
\c@section@level=\count321
)
LaTeX Info: Redefining \ref on input line 240.
LaTeX Info: Redefining \pageref on input line 240.
LaTeX Info: Redefining \nameref on input line 240.
 (курсач.out) (курсач.out)
\@outlinefile=\write3
\openout3 = `курсач.out'.


("C:\Users\User\AppData\Local\Programs\MiKTeX 2.9\tex\latex\amsfonts\umsa.fd")
("C:\Users\User\AppData\Local\Programs\MiKTeX 2.9\tex\latex\amsfonts\umsb.fd")
[1

] [2] [3] [4] (курсач.toc)
\tf@toc=\write4
\openout4 = `курсач.toc'.

 [5] [6]

LaTeX Warning: Command \l invalid in math mode on input line 492.

Missing character: There is no ł in font cmmi12!
[7] [8] [9]
Overfull \hbox (8.15334pt too wide) in paragraph at lines 543--544
[]\TU/TimesNewRoman(0)/m/n/12 Для удовлетворяющей указанным условиям функции $\
OML/cmm/m/it/12 X\OT1/cmr/m/n/12 (\OML/cmm/m/it/12 x\OT1/cmr/m/n/12 )$ \TU/Time
sNewRoman(0)/m/n/12 должно выполняться $\OML/cmm/m/it/12 X\OT1/cmr/m/n/12 (0) =

 []

[10] [11] [12] [13]
Overfull \hbox (5.99033pt too wide) in paragraph at lines 685--687
[]\TU/TimesNewRoman(0)/m/n/12 Рассчитаем $\OML/cmm/m/it/12 N[]$\TU/TimesNewRoma
n(0)/m/n/12 , уменьшая количество слагаемых в сумме, начиная с $\OML/cmm/m/it/1
2 N[]$
 []


LaTeX Warning: Reference `u_solution' on page 14 undefined on input line 713.

[14] [15]
Overfull \hbox (34.02068pt too wide) in paragraph at lines 724--728
\TU/TimesNewRoman(0)/m/n/12 umf.py pic –a=0.4”, теперь при расчетах коэффициент
 теплопроводности $\OML/cmm/m/it/12 ^^K$ \TU/TimesNewRoman(0)/m/n/12 будет раве
н $\OT1/cmr/m/n/12 0\OML/cmm/m/it/12 :\OT1/cmr/m/n/12 4 []$\TU/TimesNewRoman(0)
/m/n/12 .
 []

File: images/kir/var_1_t_6.png Graphic file (type bmp)
<images/kir/var_1_t_6.png>
File: images/kir/var_1_t_14.png Graphic file (type bmp)
<images/kir/var_1_t_14.png>
[16]
File: images/kir/var_1_t_28.png Graphic file (type bmp)
<images/kir/var_1_t_28.png>
File: images/pos/var_2_t_7.png Graphic file (type bmp)
<images/pos/var_2_t_7.png>
 [17]
File: images/pos/var_2_t_16.png Graphic file (type bmp)
<images/pos/var_2_t_16.png>
File: images/pos/var_2_t_29.png Graphic file (type bmp)
<images/pos/var_2_t_29.png>
 [18]
File: images/kir/var_1_z_0t17.png Graphic file (type bmp)
<images/kir/var_1_z_0t17.png>
File: images/kir/var_1_z_1t6.png Graphic file (type bmp)
<images/kir/var_1_z_1t6.png>
 [19]
File: images/kir/var_1_z_2t8.png Graphic file (type bmp)
<images/kir/var_1_z_2t8.png>
File: images/pos/var_2_z_0t3.png Graphic file (type bmp)
<images/pos/var_2_z_0t3.png>
 [20]
File: images/pos/var_2_z_1t4.png Graphic file (type bmp)
<images/pos/var_2_z_1t4.png>
File: images/pos/var_2_z_2t7.png Graphic file (type bmp)
<images/pos/var_2_z_2t7.png>
 [21] [22] [23]
Overfull \hbox (3.16954pt too wide) in paragraph at lines 863--865
[]\TU/TimesNewRoman(0)/bx/n/12 Тихонов А.Н., Самарский А.А\TU/TimesNewRoman(0)/
m/n/12 . Уравнения математической физики(5-е изд.) [Текст]
 []

[24]
("C:\Users\User\AppData\Local\Programs\MiKTeX 2.9\tex\latex\listings\lstlang1.s
ty"
File: lstlang1.sty 2018/09/02 1.7 listings language file
) (src/umf.py [25] [26] [27] [28] [29] [30] [31] [32] [33] [34])

AED: lastpage setting LastPage
[35]
Package atveryend Info: Empty hook `BeforeClearDocument' on input line 963.
Package atveryend Info: Empty hook `AfterLastShipout' on input line 963.
 (курсач.aux)
Package atveryend Info: Empty hook `AtVeryEndDocument' on input line 963.
Package atveryend Info: Executing hook `AtEndAfterFileList' on input line 963.
Package rerunfilecheck Info: File `курсач.out' has not changed.
(rerunfilecheck)             Checksum: 7F120A119145285FCD537BCCF2DE6BAD.


LaTeX Font Warning: Some font shapes were not available, defaults substituted.


LaTeX Warning: There were undefined references.


LaTeX Warning: There were multiply-defined labels.

 )
(\end occurred inside a group at level 1)

### simple group (level 1) entered at line 498 ({)
### bottom level 
Here is how much of TeX's memory you used:
 27491 strings out of 427771
 479117 string characters out of 3147557
 956421 words of memory out of 3000000
 31198 multiletter control sequences out of 15000+200000
 541597 words of font info for 84 fonts, out of 3000000 for 9000
 1328 hyphenation exceptions out of 8191
 42i,14n,91p,818b,2047s stack positions out of 5000i,500n,10000p,200000b,50000s

Output written on курсач.pdf (35 pages).
